proguard.cfg
# To enable ProGuard in your project, edit project.properties
# to define the proguard.config property as described in that file.
#
# Add project specific ProGuard rules here.
# By default, the flags in this file are appended to flags specified
# in ${sdk.dir}/tools/proguard/proguard-android.txt
# You can edit the include path and order by changing the ProGuard
# include property in project.properties.
#
# For more details, see
#   http://developer.android.com/guide/developing/tools/proguard.html

# Add any project specific keep options here:

# If your project uses WebView with JS, uncomment the following
# and specify the fully qualified class name to the JavaScript interface
# class:
#-keepclassmembers class fqcn.of.javascript.interface.for.webview {
#   public *;
#}

#The below is used for AdView SDK settings,only instead for your app

-optimizationpasses 5
-dontusemixedcaseclassnames
-dontskipnonpubliclibraryclasses
-dontpreverify
-verbose
-optimizations !code/simplification/arithmetic,!field/*,!class/merging/*

-keep public class * extends android.app.Activity
-keep public class * extends android.app.Application
-keep public class * extends android.app.Service
-keep public class * extends android.content.BroadcastReceiver
-keep public class * extends android.content.ContentProvider
-keep public class * extends android.app.backup.BackupAgentHelper
-keep public class * extends android.preference.Preference
-keep public class com.android.vending.licensing.ILicensingService

-keepclasseswithmembers class * {
    native <methods>;
}

-keepclasseswithmembers class * {
    public <init>(android.content.Context, android.util.AttributeSet);
}

-keepclasseswithmembers class * {
    public <init>(android.content.Context, android.util.AttributeSet, int);
}

-keepclassmembers enum * {
    public static **[] values();
    public static ** valueOf(java.lang.String);
}

-keep class * implements android.os.Parcelable {
  public static final android.os.Parcelable$Creator *;
}

-keep class com.baidu.mobads.** {
  public protected *;
}
-dontwarn
-libraryjars /libs/AdViewSDK_Android.jar
-keep public class com.kyview.** {*;} 
-keep public class com.wooboo.** {*;}


-keep class net.youmi.android.** {*;}

-keeppackagenames com.adchina.android.ads
-keeppackagenames com.adchina.android.ads.controllers
-keeppackagenames com.adchina.android.ads.views
-keeppackagenames com.adchina.android.ads.animations
-keep class com.adchina.android.ads.*{*;}
-keep class com.adchina.android.ads.controllers.*{*;}
-keep class com.adchina.android.ads.views.*{*;}
-keep class com.adchina.android.ads.animations.*{*;}