proguard/seeds.txt
com.destinym.cplusplustestking.FileUtils$FileType: com.destinym.cplusplustestking.FileUtils$FileType[] values()
com.destinym.cplusplustestking.FileUtils$FileType: com.destinym.cplusplustestking.FileUtils$FileType valueOf(java.lang.String)
com.destinym.cplusplustestking.MainActivity
com.destinym.cplusplustestking.MainActivity: MainActivity()
...
com.adchina.android.ads.controllers.b
com.adchina.android.ads.controllers.b: com.adchina.android.ads.controllers.BaseController a
com.adchina.android.ads.controllers.b: com.adchina.android.ads.r b
com.adchina.android.ads.controllers.b: b(com.adchina.android.ads.controllers.BaseController,com.adchina.android.ads.r)
com.adchina.android.ads.controllers.b: void run()
com.adchina.android.ads.controllers.b: com.adchina.android.ads.controllers.BaseController a(com.adchina.android.ads.controllers.b)
com.adchina.android.ads.controllers.c
com.adchina.android.ads.controllers.c: com.adchina.android.ads.controllers.b a
com.adchina.android.ads.controllers.c: c(com.adchina.android.ads.controllers.b)
com.adchina.android.ads.controllers.c: void a(java.lang.String)
com.adchina.android.ads.controllers.d
com.adchina.android.ads.controllers.d: com.adchina.android.ads.controllers.BaseController a
com.adchina.android.ads.controllers.d: com.adchina.android.ads.r b
com.adchina.android.ads.controllers.d: d(com.adchina.android.ads.controllers.BaseController,com.adchina.android.ads.r)
com.adchina.android.ads.controllers.d: void run()
com.adchina.android.ads.controllers.d: com.adchina.android.ads.controllers.BaseController a(com.adchina.android.ads.controllers.d)
com.adchina.android.ads.controllers.e
com.adchina.android.ads.controllers.e: com.adchina.android.ads.controllers.d a
com.adchina.android.ads.controllers.e: e(com.adchina.android.ads.controllers.d)
com.adchina.android.ads.controllers.e: void a(java.lang.String)
com.adchina.android.ads.controllers.f
com.adchina.android.ads.controllers.f: com.adchina.android.ads.controllers.BaseController a
com.adchina.android.ads.controllers.f: f(com.adchina.android.ads.controllers.BaseController)
com.adchina.android.ads.controllers.f: void run()
com.adchina.android.ads.controllers.g
com.adchina.android.ads.controllers.g: boolean a
com.adchina.android.ads.controllers.g: com.adchina.android.ads.controllers.BaseController b
com.adchina.android.ads.controllers.g: g(com.adchina.android.ads.controllers.BaseController)
com.adchina.android.ads.controllers.g: void run()
com.adchina.android.ads.controllers.h
com.adchina.android.ads.controllers.h: java.util.HashMap a
com.adchina.android.ads.controllers.h: com.adchina.android.ads.controllers.h ae
com.adchina.android.ads.controllers.h: int af
com.adchina.android.ads.controllers.h: com.adchina.android.ads.controllers.r ag
com.adchina.android.ads.controllers.h: com.adchina.android.ads.AdFullScreenFinishListener ah
com.adchina.android.ads.controllers.h: java.util.HashMap ai
com.adchina.android.ads.controllers.h: boolean aj
com.adchina.android.ads.controllers.h: boolean ak
com.adchina.android.ads.controllers.h: int[] al
com.adchina.android.ads.controllers.h: h(android.content.Context)
com.adchina.android.ads.controllers.h: com.adchina.android.ads.controllers.h a(android.content.Context)
com.adchina.android.ads.controllers.h: com.adchina.android.ads.controllers.h a()
com.adchina.android.ads.controllers.h: void a(com.adchina.android.ads.AdFullScreenFinishListener)
com.adchina.android.ads.controllers.h: void a(boolean)
com.adchina.android.ads.controllers.h: void a(java.lang.Object)
com.adchina.android.ads.controllers.h: void a(android.view.View,com.adchina.android.ads.views.ai)
com.adchina.android.ads.controllers.h: void g()
com.adchina.android.ads.controllers.h: void e()
com.adchina.android.ads.controllers.h: java.lang.String f()
com.adchina.android.ads.controllers.h: void a(java.lang.String)
com.adchina.android.ads.controllers.h: void c(java.lang.String)
com.adchina.android.ads.controllers.i
com.adchina.android.ads.controllers.i: com.adchina.android.ads.controllers.h a
com.adchina.android.ads.controllers.i: java.lang.String b
com.adchina.android.ads.controllers.i: i(com.adchina.android.ads.controllers.h,java.lang.String)
com.adchina.android.ads.controllers.i: java.lang.Object a()