proguard/mapping.txt
com.destinym.cplusplustestking.BookPageFactory -> com.destinym.cplusplustestking.a:
    java.io.File book_file -> b
    java.nio.MappedByteBuffer m_mbBuf -> c
    int m_mbBufLen -> d
    int m_mbBufBegin -> e
    int m_mbBufEnd -> f
    java.lang.String m_strCharsetName -> g
    android.graphics.Bitmap m_book_bg -> h
    int mWidth -> i
    int mHeight -> j
    java.util.Vector m_lines -> k
    int m_fontSize -> l
    int m_textColor -> m
    int m_backColor -> n
    int marginWidth -> o
    int marginHeight -> p
    int mLineCount -> q
    float mVisibleHeight -> r
    float mVisibleWidth -> s
    boolean m_isfirstPage -> t
    boolean m_islastPage -> u
    android.graphics.Paint mPaint -> v
    java.text.DecimalFormat df -> a
    void openbook(java.lang.String) -> a
    byte[] readParagraphBack(int) -> c
    byte[] readParagraphForward(int) -> d
    java.util.Vector pageDown() -> g
    void prePage() -> a
    void nextPage() -> b
    void onDraw(android.graphics.Canvas) -> a
    void setBgBitmap(android.graphics.Bitmap) -> a
    boolean isfirstPage() -> c
    boolean islastPage() -> d
    void setColor(int) -> a
    int getColor() -> e
    void setTextSize(int) -> b
    void getoFirstPage() -> f
com.destinym.cplusplustestking.MainActivity -> com.destinym.cplusplustestking.MainActivity:
    com.destinym.cplusplustestking.PageWidget mPageWidget -> j
    android.graphics.Bitmap mCurPageBitmap -> a
    android.graphics.Bitmap mNextPageBitmap -> b
    android.graphics.Canvas mCurPageCanvas -> c
    android.graphics.Canvas mNextPageCanvas -> d
    com.destinym.cplusplustestking.BookPageFactory pagefactory -> e
    android.widget.LinearLayout layout -> f
    com.kyview.AdViewLayout adViewLayout -> g
    java.util.List activityList -> h
    android.os.Handler myHandler -> i
    void onCreate(android.os.Bundle) -> onCreate
    boolean onCreateOptionsMenu(android.view.Menu) -> onCreateOptionsMenu
    boolean onOptionsItemSelected(android.view.MenuItem) -> onOptionsItemSelected
    void onClickAd() -> onClickAd
    void onDisplayAd() -> onDisplayAd
    com.destinym.cplusplustestking.PageWidget access$0(com.destinym.cplusplustestking.MainActivity) -> a
com.destinym.cplusplustestking.MainActivity$1 -> com.destinym.cplusplustestking.b:
    com.destinym.cplusplustestking.MainActivity this$0 -> a
    void handleMessage(android.os.Message) -> handleMessage
com.destinym.cplusplustestking.MainActivity$2 -> com.destinym.cplusplustestking.c:
    com.destinym.cplusplustestking.MainActivity this$0 -> a
    boolean onTouch(android.view.View,android.view.MotionEvent) -> onTouch
com.destinym.cplusplustestking.MainActivity$3 -> com.destinym.cplusplustestking.d:
    com.destinym.cplusplustestking.MainActivity this$0 -> a
    void colorChanged(int) -> a
com.destinym.cplusplustestking.MainActivity$4 -> com.destinym.cplusplustestking.e:
    com.destinym.cplusplustestking.MainActivity this$0 -> a
    void onClick(android.content.DialogInterface,int) -> onClick
com.destinym.cplusplustestking.MainActivity$5 -> com.destinym.cplusplustestking.f:
    com.destinym.cplusplustestking.MainActivity this$0 -> a
    void onClick(android.content.DialogInterface,int) -> onClick
...
net.youmi.android.b.b.b -> net.youmi.android.b.b.b:
    boolean a(android.content.Context,java.lang.String,java.lang.String,java.lang.String,java.lang.String) -> a
    java.lang.String b(android.content.Context,java.lang.String,java.lang.String,java.lang.String,java.lang.String) -> b
net.youmi.android.banner.AdSize -> net.youmi.android.banner.AdSize:
    int FILL_PARENT -> FILL_PARENT
    int WRAP_CONTENT -> WRAP_CONTENT
    int LANDSPACE_AD_HEIGHT -> LANDSPACE_AD_HEIGHT
    int PORAIT_AD_HEIGHT -> PORAIT_AD_HEIGHT
    int LARGE_AD_HEIGHT -> LARGE_AD_HEIGHT
    net.youmi.android.banner.AdSize SIZE_320x50 -> SIZE_320x50
    net.youmi.android.banner.AdSize SIZE_300x250 -> SIZE_300x250
    net.youmi.android.banner.AdSize SIZE_468x60 -> SIZE_468x60
    net.youmi.android.banner.AdSize SIZE_728x90 -> SIZE_728x90
    int a -> a
    int b -> b
    int c -> c
    int d -> d
    int getAdWidth() -> getAdWidth
    int getAdHeight() -> getAdHeight
    int resizeWidth(android.content.Context) -> resizeWidth
    int resizeHeight(android.content.Context) -> resizeHeight
net.youmi.android.banner.AdView -> net.youmi.android.banner.AdView:
    net.youmi.android.banner.AdViewLinstener a -> a
    net.youmi.android.banner.b e -> e
    java.lang.String f -> f
    android.content.Context g -> g
    net.youmi.android.banner.AdSize b -> b
    int c -> c
    int d -> d
    int h -> h
    boolean i -> i
    void a() -> a
    void setAdListener(net.youmi.android.banner.AdViewLinstener) -> setAdListener
    boolean a(android.content.Context) -> a
    void onAttachedToWindow() -> onAttachedToWindow
    void onDetachedFromWindow() -> onDetachedFromWindow
    void onWindowFocusChanged(boolean) -> onWindowFocusChanged
net.youmi.android.banner.AdViewLinstener -> net.youmi.android.banner.AdViewLinstener:
    void onReceivedAd(net.youmi.android.banner.AdView) -> onReceivedAd
    void onSwitchedAd(net.youmi.android.banner.AdView) -> onSwitchedAd
    void onFailedToReceivedAd(net.youmi.android.banner.AdView) -> onFailedToReceivedAd
net.youmi.android.banner.BannerManager -> net.youmi.android.banner.BannerManager:
    java.lang.String PROTOCOLVERSION -> PROTOCOLVERSION
    int a -> a
    java.util.HashMap b -> b
    net.youmi.android.banner.e getBannerObject(int) -> getBannerObject
    void setBannerObject(int,net.youmi.android.banner.e) -> setBannerObject
    java.lang.String checkPermissions(android.content.Context) -> checkPermissions
net.youmi.android.banner.a -> net.youmi.android.banner.a:
    android.content.Context f -> f
    net.youmi.android.a.k.a.i a -> a
    net.youmi.android.a.h.d b -> b
    java.lang.String c -> c
    java.lang.String d -> d
    java.lang.String e -> e
    int g -> g
    java.lang.String h -> h
    java.lang.String i -> i
    void a(int,java.lang.String,java.lang.String,java.lang.String,java.lang.String,java.lang.String) -> a
    void b() -> b
    void c() -> c
    void d() -> d
    net.youmi.android.a.k.a.i e() -> e
    void a(android.webkit.WebView,java.lang.String) -> a
    void a(android.webkit.WebView,java.lang.String,android.graphics.Bitmap) -> a
    void a(android.webkit.WebView,int,java.lang.String,java.lang.String) -> a
    net.youmi.android.a.h.e a() -> a
    boolean a(java.lang.Runnable) -> a
    boolean c(android.webkit.WebView,java.lang.String) -> c
    void a(android.webkit.WebView,int) -> a
    void b(android.webkit.WebView,java.lang.String) -> b