proguard/usage.txt
com.destinym.cplusplustestking.BuildConfig
com.destinym.cplusplustestking.FileUtils
com.destinym.cplusplustestking.FileUtils$FileType
com.destinym.cplusplustestking.MainActivity:
    public static final int REFRESH
    android.widget.TextView text
    371:374:private void loadBgImage()
com.destinym.cplusplustestking.MainActivity$GameThread
com.destinym.cplusplustestking.PageBkg
com.destinym.cplusplustestking.R
com.destinym.cplusplustestking.R$attr
com.destinym.cplusplustestking.R$drawable
com.destinym.cplusplustestking.R$id
com.destinym.cplusplustestking.R$layout
com.destinym.cplusplustestking.R$menu
com.destinym.cplusplustestking.R$string
com.destinym.cplusplustestking.R$style
...
android.support.v4.view.PagerTitleStrip:
    private static final java.lang.String TAG
    private static final float SIDE_ALPHA
    private static final int TEXT_SPACING
    108:109:public PagerTitleStrip(android.content.Context)
    202:207:public void setTextColor(int)
    232:234:public void setGravity(int)
android.support.v4.view.PagerTitleStrip$PageListener:
    492:493:public void onAdapterChanged(android.support.v4.view.PagerAdapter,android.support.v4.view.PagerAdapter)
android.support.v4.view.PagerTitleStripIcs:
    26:31:PagerTitleStripIcs()
android.support.v4.view.PagerTitleStripIcs$SingleLineAllCapsTransform:
    private static final java.lang.String TAG
android.support.v4.view.VelocityTrackerCompat:
    25:51:public VelocityTrackerCompat()
    91:91:public static float getYVelocity(android.view.VelocityTracker,int)
android.support.v4.view.VelocityTrackerCompat$BaseVelocityTrackerVersionImpl:
    44:44:public float getYVelocity(android.view.VelocityTracker,int)
android.support.v4.view.VelocityTrackerCompat$HoneycombVelocityTrackerVersionImpl:
    58:58:public float getYVelocity(android.view.VelocityTracker,int)
android.support.v4.view.VelocityTrackerCompat$VelocityTrackerVersionImpl:
    public abstract float getYVelocity(android.view.VelocityTracker,int)
android.support.v4.view.VelocityTrackerCompatHoneycomb:
    24:24:VelocityTrackerCompatHoneycomb()
    29:29:public static float getYVelocity(android.view.VelocityTracker,int)
android.support.v4.view.ViewCompat:
    public static final int OVER_SCROLL_ALWAYS
    public static final int OVER_SCROLL_IF_CONTENT_SCROLLS
    public static final int OVER_SCROLL_NEVER
    private static final long FAKE_FRAME_TIME
    public static final int IMPORTANT_FOR_ACCESSIBILITY_AUTO
    public static final int IMPORTANT_FOR_ACCESSIBILITY_YES
    public static final int IMPORTANT_FOR_ACCESSIBILITY_NO
    29:186:public ViewCompat()
    264:264:public static boolean canScrollVertically(android.view.View,int)
    293:294:public static void setOverScrollMode(android.view.View,int)
    330:331:public static void onPopulateAccessibilityEvent(android.view.View,android.view.accessibility.AccessibilityEvent)
    363:364:public static void onInitializeAccessibilityEvent(android.view.View,android.view.accessibility.AccessibilityEvent)
    399:400:public static void onInitializeAccessibilityNodeInfo(android.view.View,android.support.v4.view.accessibility.AccessibilityNodeInfoCompat)
    426:426:public static boolean hasTransientState(android.view.View)
    437:438:public static void setHasTransientState(android.view.View,boolean)
    468:469:public static void postInvalidateOnAnimation(android.view.View,int,int,int,int)
    482:483:public static void postOnAnimation(android.view.View,java.lang.Runnable)
    499:500:public static void postOnAnimationDelayed(android.view.View,java.lang.Runnable,long)